<?xml version="1.0" encoding="UTF-8" ?>
<testsuite failures="0" time="0.854" errors="0" skipped="0" tests="5" name="com.bbq.db.project.dao.test.UserDaoTest">
  <properties>
    <property name="java.runtime.name" value="Java(TM) SE Runtime Environment"/>
    <property name="sun.boot.library.path" value="/System/Library/Java/JavaVirtualMachines/1.6.0.jdk/Contents/Libraries"/>
    <property name="java.vm.version" value="20.65-b04-462"/>
    <property name="awt.nativeDoubleBuffering" value="true"/>
    <property name="gopherProxySet" value="false"/>
    <property name="mrj.build" value="11M4609"/>
    <property name="java.vm.vendor" value="Apple Inc."/>
    <property name="java.vendor.url" value="http://www.apple.com/"/>
    <property name="path.separator" value=":"/>
    <property name="java.vm.name" value="Java HotSpot(TM) 64-Bit Server VM"/>
    <property name="file.encoding.pkg" value="sun.io"/>
    <property name="user.country" value="CN"/>
    <property name="sun.java.launcher" value="SUN_STANDARD"/>
    <property name="sun.os.patch.level" value="unknown"/>
    <property name="java.vm.specification.name" value="Java Virtual Machine Specification"/>
    <property name="user.dir" value="/Users/maohao/Documents/neu-class/db management/db_project_resource/CS5200FinalProject/bbq-db-project"/>
    <property name="java.runtime.version" value="1.6.0_65-b14-462-11M4609"/>
    <property name="java.awt.graphicsenv" value="apple.awt.CGraphicsEnvironment"/>
    <property name="basedir" value="/Users/maohao/Documents/neu-class/db management/db_project_resource/CS5200FinalProject/bbq-db-project"/>
    <property name="java.endorsed.dirs" value="/System/Library/Java/JavaVirtualMachines/1.6.0.jdk/Contents/Home/lib/endorsed"/>
    <property name="os.arch" value="x86_64"/>
    <property name="surefire.real.class.path" value="/var/folders/33/90fzy1gj3cq9vmcz9mfrm8j00000gn/T/surefirebooter2761356540495673703.jar"/>
    <property name="java.io.tmpdir" value="/var/folders/33/90fzy1gj3cq9vmcz9mfrm8j00000gn/T/"/>
    <property name="line.separator" value="
"/>
    <property name="java.vm.specification.vendor" value="Sun Microsystems Inc."/>
    <property name="os.name" value="Mac OS X"/>
    <property name="sun.jnu.encoding" value="EUC_CN"/>
    <property name="java.library.path" value=".:/Users/maohao/Library/Java/Extensions:/Library/Java/Extensions:/System/Library/Java/Extensions:/usr/lib/java"/>
    <property name="surefire.test.class.path" value="/Users/maohao/Documents/neu-class/db management/db_project_resource/CS5200FinalProject/bbq-db-project/target/test-classes:/Users/maohao/Documents/neu-class/db management/db_project_resource/CS5200FinalProject/bbq-db-project/target/classes:/Users/maohao/.m2/repository/org/apache/velocity/velocity/1.6/velocity-1.6.jar:/Users/maohao/.m2/repository/commons-collections/commons-collections/3.2.1/commons-collections-3.2.1.jar:/Users/maohao/.m2/repository/commons-lang/commons-lang/2.5/commons-lang-2.5.jar:/Users/maohao/.m2/repository/oro/oro/2.0.8/oro-2.0.8.jar:/Users/maohao/.m2/repository/javax/transaction/jta/1.1/jta-1.1.jar:/Users/maohao/.m2/repository/com/jolbox/bonecp-spring/0.7.1.RELEASE/bonecp-spring-0.7.1.RELEASE.jar:/Users/maohao/.m2/repository/org/slf4j/slf4j-api/1.5.10/slf4j-api-1.5.10.jar:/Users/maohao/.m2/repository/dom4j/dom4j/1.6.1/dom4j-1.6.1.jar:/Users/maohao/.m2/repository/xml-apis/xml-apis/1.0.b2/xml-apis-1.0.b2.jar:/Users/maohao/.m2/repository/jaxen/jaxen/1.1.1/jaxen-1.1.1.jar:/Users/maohao/.m2/repository/jdom/jdom/1.0/jdom-1.0.jar:/Users/maohao/.m2/repository/xerces/xercesImpl/2.6.2/xercesImpl-2.6.2.jar:/Users/maohao/.m2/repository/xom/xom/1.0/xom-1.0.jar:/Users/maohao/.m2/repository/xerces/xmlParserAPIs/2.6.2/xmlParserAPIs-2.6.2.jar:/Users/maohao/.m2/repository/xalan/xalan/2.6.0/xalan-2.6.0.jar:/Users/maohao/.m2/repository/org/slf4j/slf4j-log4j12/1.5.10/slf4j-log4j12-1.5.10.jar:/Users/maohao/.m2/repository/log4j/log4j/1.2.13/log4j-1.2.13.jar:/Users/maohao/.m2/repository/commons-logging/commons-logging/1.1.1/commons-logging-1.1.1.jar:/Users/maohao/.m2/repository/commons-codec/commons-codec/1.6/commons-codec-1.6.jar:/Users/maohao/.m2/repository/commons-io/commons-io/2.0.1/commons-io-2.0.1.jar:/Users/maohao/.m2/repository/org/mybatis/mybatis/3.1.0/mybatis-3.1.0.jar:/Users/maohao/.m2/repository/org/mybatis/mybatis-spring/1.1.0/mybatis-spring-1.1.0.jar:/Users/maohao/.m2/repository/org/springframework/spring-core/3.1.0.RELEASE/spring-core-3.1.0.RELEASE.jar:/Users/maohao/.m2/repository/org/springframework/spring-tx/3.1.0.RELEASE/spring-tx-3.1.0.RELEASE.jar:/Users/maohao/.m2/repository/org/springframework/spring-beans/3.1.0.RELEASE/spring-beans-3.1.0.RELEASE.jar:/Users/maohao/.m2/repository/org/springframework/spring-context/3.1.0.RELEASE/spring-context-3.1.0.RELEASE.jar:/Users/maohao/.m2/repository/org/springframework/spring-expression/3.1.0.RELEASE/spring-expression-3.1.0.RELEASE.jar:/Users/maohao/.m2/repository/org/springframework/spring-asm/3.1.0.RELEASE/spring-asm-3.1.0.RELEASE.jar:/Users/maohao/.m2/repository/org/springframework/spring-jdbc/3.1.1.RELEASE/spring-jdbc-3.1.1.RELEASE.jar:/Users/maohao/.m2/repository/org/springframework/spring-aop/3.1.0.RELEASE/spring-aop-3.1.0.RELEASE.jar:/Users/maohao/.m2/repository/aopalliance/aopalliance/1.0/aopalliance-1.0.jar:/Users/maohao/.m2/repository/net/sf/json-lib/json-lib/2.2.1/json-lib-2.2.1-jdk15.jar:/Users/maohao/.m2/repository/commons-beanutils/commons-beanutils/1.7.0/commons-beanutils-1.7.0.jar:/Users/maohao/.m2/repository/net/sf/ezmorph/ezmorph/1.0.4/ezmorph-1.0.4.jar:/Users/maohao/.m2/repository/org/springframework/spring-web/3.1.0.RELEASE/spring-web-3.1.0.RELEASE.jar:/Users/maohao/.m2/repository/org/springframework/spring-orm/3.1.0.RELEASE/spring-orm-3.1.0.RELEASE.jar:/Users/maohao/.m2/repository/org/springframework/spring-context-support/3.1.0.RELEASE/spring-context-support-3.1.0.RELEASE.jar:/Users/maohao/.m2/repository/org/springframework/spring-aspects/3.1.0.RELEASE/spring-aspects-3.1.0.RELEASE.jar:/Users/maohao/.m2/repository/org/springframework/spring-test/3.1.0.RELEASE/spring-test-3.1.0.RELEASE.jar:/Users/maohao/.m2/repository/org/aspectj/aspectjweaver/1.6.12/aspectjweaver-1.6.12.jar:/Users/maohao/.m2/repository/org/jboss/resteasy/resteasy-spring/2.3.5.Final/resteasy-spring-2.3.5.Final.jar:/Users/maohao/.m2/repository/org/jboss/resteasy/resteasy-jaxrs/2.3.5.Final/resteasy-jaxrs-2.3.5.Final.jar:/Users/maohao/.m2/repository/org/jboss/resteasy/jaxrs-api/2.3.5.Final/jaxrs-api-2.3.5.Final.jar:/Users/maohao/.m2/repository/org/scannotation/scannotation/1.0.3/scannotation-1.0.3.jar:/Users/maohao/.m2/repository/javassist/javassist/3.12.1.GA/javassist-3.12.1.GA.jar:/Users/maohao/.m2/repository/javax/annotation/jsr250-api/1.0/jsr250-api-1.0.jar:/Users/maohao/.m2/repository/javax/activation/activation/1.1/activation-1.1.jar:/Users/maohao/.m2/repository/commons-httpclient/commons-httpclient/3.1/commons-httpclient-3.1.jar:/Users/maohao/.m2/repository/org/apache/httpcomponents/httpclient/4.1.2/httpclient-4.1.2.jar:/Users/maohao/.m2/repository/org/apache/httpcomponents/httpcore/4.1.2/httpcore-4.1.2.jar:/Users/maohao/.m2/repository/net/jcip/jcip-annotations/1.0/jcip-annotations-1.0.jar:/Users/maohao/.m2/repository/org/jboss/resteasy/resteasy-jettison-provider/2.3.5.Final/resteasy-jettison-provider-2.3.5.Final.jar:/Users/maohao/.m2/repository/org/jboss/resteasy/resteasy-jaxb-provider/2.3.5.Final/resteasy-jaxb-provider-2.3.5.Final.jar:/Users/maohao/.m2/repository/com/sun/xml/bind/jaxb-impl/2.2.4/jaxb-impl-2.2.4.jar:/Users/maohao/.m2/repository/javax/xml/bind/jaxb-api/2.2.3/jaxb-api-2.2.3.jar:/Users/maohao/.m2/repository/javax/xml/stream/stax-api/1.0-2/stax-api-1.0-2.jar:/Users/maohao/.m2/repository/org/codehaus/jettison/jettison/1.3.1/jettison-1.3.1.jar:/Users/maohao/.m2/repository/org/jboss/resteasy/resteasy-jackson-provider/2.3.5.Final/resteasy-jackson-provider-2.3.5.Final.jar:/Users/maohao/.m2/repository/org/codehaus/jackson/jackson-core-asl/1.9.9/jackson-core-asl-1.9.9.jar:/Users/maohao/.m2/repository/org/codehaus/jackson/jackson-mapper-asl/1.9.9/jackson-mapper-asl-1.9.9.jar:/Users/maohao/.m2/repository/org/codehaus/jackson/jackson-jaxrs/1.9.5/jackson-jaxrs-1.9.5.jar:/Users/maohao/.m2/repository/org/codehaus/jackson/jackson-xc/1.9.9/jackson-xc-1.9.9.jar:/Users/maohao/.m2/repository/cglib/cglib/2.2.2/cglib-2.2.2.jar:/Users/maohao/.m2/repository/asm/asm/3.3.1/asm-3.3.1.jar:/Users/maohao/.m2/repository/mysql/mysql-connector-java/5.1.18/mysql-connector-java-5.1.18.jar:/Users/maohao/.m2/repository/javax/servlet/servlet-api/2.5/servlet-api-2.5.jar:/Users/maohao/.m2/repository/org/codehaus/jackson/jackson-smile/1.9.5/jackson-smile-1.9.5.jar:/Users/maohao/.m2/repository/org/codehaus/jackson/jackson-mrbean/1.9.5/jackson-mrbean-1.9.5.jar:/Users/maohao/.m2/repository/com/google/collections/google-collections/1.0-rc5/google-collections-1.0-rc5.jar:/Users/maohao/.m2/repository/junit/junit/4.10/junit-4.10.jar:/Users/maohao/.m2/repository/org/hamcrest/hamcrest-core/1.1/hamcrest-core-1.1.jar:/Users/maohao/.m2/repository/org/ow2/easybeans/quartz/1.6.0/quartz-1.6.0.jar:/Users/maohao/.m2/repository/org/apache/activemq/activemq-core/5.5.1/activemq-core-5.5.1.jar:/Users/maohao/.m2/repository/org/apache/geronimo/specs/geronimo-jms_1.1_spec/1.1.1/geronimo-jms_1.1_spec-1.1.1.jar:/Users/maohao/.m2/repository/org/apache/activemq/activeio-core/3.1.2/activeio-core-3.1.2.jar:/Users/maohao/.m2/repository/org/apache/geronimo/specs/geronimo-j2ee-management_1.1_spec/1.0.1/geronimo-j2ee-management_1.1_spec-1.0.1.jar:/Users/maohao/.m2/repository/org/apache/activemq/kahadb/5.5.1/kahadb-5.5.1.jar:/Users/maohao/.m2/repository/org/apache/activemq/protobuf/activemq-protobuf/1.1/activemq-protobuf-1.1.jar:/Users/maohao/.m2/repository/org/osgi/org.osgi.core/4.1.0/org.osgi.core-4.1.0.jar:/Users/maohao/.m2/repository/commons-net/commons-net/2.0/commons-net-2.0.jar:/Users/maohao/.m2/repository/org/jasypt/jasypt/1.7/jasypt-1.7.jar:/Users/maohao/.m2/repository/org/apache/activemq/activemq-pool/5.5.1/activemq-pool-5.5.1.jar:/Users/maohao/.m2/repository/org/apache/geronimo/specs/geronimo-jta_1.0.1B_spec/1.0.1/geronimo-jta_1.0.1B_spec-1.0.1.jar:/Users/maohao/.m2/repository/commons-pool/commons-pool/1.5.4/commons-pool-1.5.4.jar:/Users/maohao/.m2/repository/org/apache/activemq/activemq-spring/5.5.1/activemq-spring-5.5.1.jar:/Users/maohao/.m2/repository/org/springframework/osgi/spring-osgi-core/1.2.1/spring-osgi-core-1.2.1.jar:/Users/maohao/.m2/repository/org/springframework/osgi/spring-osgi-io/1.2.1/spring-osgi-io-1.2.1.jar:/Users/maohao/.m2/repository/org/springframework/spring-jms/3.0.5.RELEASE/spring-jms-3.0.5.RELEASE.jar:/Users/maohao/.m2/repository/org/apache/struts/struts2-core/2.3.15.1/struts2-core-2.3.15.1.jar:/Users/maohao/.m2/repository/org/apache/struts/xwork/xwork-core/2.3.15.1/xwork-core-2.3.15.1.jar:/Users/maohao/.m2/repository/org/apache/commons/commons-lang3/3.1/commons-lang3-3.1.jar:/Users/maohao/.m2/repository/ognl/ognl/3.0.6/ognl-3.0.6.jar:/Users/maohao/.m2/repository/asm/asm-commons/3.3/asm-commons-3.3.jar:/Users/maohao/.m2/repository/asm/asm-tree/3.3/asm-tree-3.3.jar:/Users/maohao/.m2/repository/org/freemarker/freemarker/2.3.19/freemarker-2.3.19.jar:/Users/maohao/.m2/repository/commons-fileupload/commons-fileupload/1.3/commons-fileupload-1.3.jar:/Users/maohao/.m2/repository/org/apache/struts/struts2-convention-plugin/2.3.15.1/struts2-convention-plugin-2.3.15.1.jar:/Users/maohao/.m2/repository/org/apache/struts/struts2-spring-plugin/2.3.15.1/struts2-spring-plugin-2.3.15.1.jar:/Users/maohao/.m2/repository/org/springframework/spring-webmvc/3.0.4.RELEASE/spring-webmvc-3.0.4.RELEASE.jar:/Users/maohao/.m2/repository/org/apache/struts/struts2-json-plugin/2.3.15.1/struts2-json-plugin-2.3.15.1.jar:/Users/maohao/.m2/repository/javax/servlet/jstl/1.2/jstl-1.2.jar:/Users/maohao/.m2/repository/taglibs/standard/1.1.2/standard-1.1.2.jar:"/>
    <property name="java.specification.name" value="Java Platform API Specification"/>
    <property name="java.class.version" value="50.0"/>
    <property name="sun.management.compiler" value="HotSpot 64-Bit Tiered Compilers"/>
    <property name="os.version" value="10.9.5"/>
    <property name="user.home" value="/Users/maohao"/>
    <property name="user.timezone" value="America/Los_Angeles"/>
    <property name="java.awt.printerjob" value="apple.awt.CPrinterJob"/>
    <property name="java.specification.version" value="1.6"/>
    <property name="file.encoding" value="EUC_CN"/>
    <property name="user.name" value="maohao"/>
    <property name="java.class.path" value="/Users/maohao/Documents/neu-class/db management/db_project_resource/CS5200FinalProject/bbq-db-project/target/test-classes:/Users/maohao/Documents/neu-class/db management/db_project_resource/CS5200FinalProject/bbq-db-project/target/classes:/Users/maohao/.m2/repository/org/apache/velocity/velocity/1.6/velocity-1.6.jar:/Users/maohao/.m2/repository/commons-collections/commons-collections/3.2.1/commons-collections-3.2.1.jar:/Users/maohao/.m2/repository/commons-lang/commons-lang/2.5/commons-lang-2.5.jar:/Users/maohao/.m2/repository/oro/oro/2.0.8/oro-2.0.8.jar:/Users/maohao/.m2/repository/javax/transaction/jta/1.1/jta-1.1.jar:/Users/maohao/.m2/repository/com/jolbox/bonecp-spring/0.7.1.RELEASE/bonecp-spring-0.7.1.RELEASE.jar:/Users/maohao/.m2/repository/org/slf4j/slf4j-api/1.5.10/slf4j-api-1.5.10.jar:/Users/maohao/.m2/repository/dom4j/dom4j/1.6.1/dom4j-1.6.1.jar:/Users/maohao/.m2/repository/xml-apis/xml-apis/1.0.b2/xml-apis-1.0.b2.jar:/Users/maohao/.m2/repository/jaxen/jaxen/1.1.1/jaxen-1.1.1.jar:/Users/maohao/.m2/repository/jdom/jdom/1.0/jdom-1.0.jar:/Users/maohao/.m2/repository/xerces/xercesImpl/2.6.2/xercesImpl-2.6.2.jar:/Users/maohao/.m2/repository/xom/xom/1.0/xom-1.0.jar:/Users/maohao/.m2/repository/xerces/xmlParserAPIs/2.6.2/xmlParserAPIs-2.6.2.jar:/Users/maohao/.m2/repository/xalan/xalan/2.6.0/xalan-2.6.0.jar:/Users/maohao/.m2/repository/org/slf4j/slf4j-log4j12/1.5.10/slf4j-log4j12-1.5.10.jar:/Users/maohao/.m2/repository/log4j/log4j/1.2.13/log4j-1.2.13.jar:/Users/maohao/.m2/repository/commons-logging/commons-logging/1.1.1/commons-logging-1.1.1.jar:/Users/maohao/.m2/repository/commons-codec/commons-codec/1.6/commons-codec-1.6.jar:/Users/maohao/.m2/repository/commons-io/commons-io/2.0.1/commons-io-2.0.1.jar:/Users/maohao/.m2/repository/org/mybatis/mybatis/3.1.0/mybatis-3.1.0.jar:/Users/maohao/.m2/repository/org/mybatis/mybatis-spring/1.1.0/mybatis-spring-1.1.0.jar:/Users/maohao/.m2/repository/org/springframework/spring-core/3.1.0.RELEASE/spring-core-3.1.0.RELEASE.jar:/Users/maohao/.m2/repository/org/springframework/spring-tx/3.1.0.RELEASE/spring-tx-3.1.0.RELEASE.jar:/Users/maohao/.m2/repository/org/springframework/spring-beans/3.1.0.RELEASE/spring-beans-3.1.0.RELEASE.jar:/Users/maohao/.m2/repository/org/springframework/spring-context/3.1.0.RELEASE/spring-context-3.1.0.RELEASE.jar:/Users/maohao/.m2/repository/org/springframework/spring-expression/3.1.0.RELEASE/spring-expression-3.1.0.RELEASE.jar:/Users/maohao/.m2/repository/org/springframework/spring-asm/3.1.0.RELEASE/spring-asm-3.1.0.RELEASE.jar:/Users/maohao/.m2/repository/org/springframework/spring-jdbc/3.1.1.RELEASE/spring-jdbc-3.1.1.RELEASE.jar:/Users/maohao/.m2/repository/org/springframework/spring-aop/3.1.0.RELEASE/spring-aop-3.1.0.RELEASE.jar:/Users/maohao/.m2/repository/aopalliance/aopalliance/1.0/aopalliance-1.0.jar:/Users/maohao/.m2/repository/net/sf/json-lib/json-lib/2.2.1/json-lib-2.2.1-jdk15.jar:/Users/maohao/.m2/repository/commons-beanutils/commons-beanutils/1.7.0/commons-beanutils-1.7.0.jar:/Users/maohao/.m2/repository/net/sf/ezmorph/ezmorph/1.0.4/ezmorph-1.0.4.jar:/Users/maohao/.m2/repository/org/springframework/spring-web/3.1.0.RELEASE/spring-web-3.1.0.RELEASE.jar:/Users/maohao/.m2/repository/org/springframework/spring-orm/3.1.0.RELEASE/spring-orm-3.1.0.RELEASE.jar:/Users/maohao/.m2/repository/org/springframework/spring-context-support/3.1.0.RELEASE/spring-context-support-3.1.0.RELEASE.jar:/Users/maohao/.m2/repository/org/springframework/spring-aspects/3.1.0.RELEASE/spring-aspects-3.1.0.RELEASE.jar:/Users/maohao/.m2/repository/org/springframework/spring-test/3.1.0.RELEASE/spring-test-3.1.0.RELEASE.jar:/Users/maohao/.m2/repository/org/aspectj/aspectjweaver/1.6.12/aspectjweaver-1.6.12.jar:/Users/maohao/.m2/repository/org/jboss/resteasy/resteasy-spring/2.3.5.Final/resteasy-spring-2.3.5.Final.jar:/Users/maohao/.m2/repository/org/jboss/resteasy/resteasy-jaxrs/2.3.5.Final/resteasy-jaxrs-2.3.5.Final.jar:/Users/maohao/.m2/repository/org/jboss/resteasy/jaxrs-api/2.3.5.Final/jaxrs-api-2.3.5.Final.jar:/Users/maohao/.m2/repository/org/scannotation/scannotation/1.0.3/scannotation-1.0.3.jar:/Users/maohao/.m2/repository/javassist/javassist/3.12.1.GA/javassist-3.12.1.GA.jar:/Users/maohao/.m2/repository/javax/annotation/jsr250-api/1.0/jsr250-api-1.0.jar:/Users/maohao/.m2/repository/javax/activation/activation/1.1/activation-1.1.jar:/Users/maohao/.m2/repository/commons-httpclient/commons-httpclient/3.1/commons-httpclient-3.1.jar:/Users/maohao/.m2/repository/org/apache/httpcomponents/httpclient/4.1.2/httpclient-4.1.2.jar:/Users/maohao/.m2/repository/org/apache/httpcomponents/httpcore/4.1.2/httpcore-4.1.2.jar:/Users/maohao/.m2/repository/net/jcip/jcip-annotations/1.0/jcip-annotations-1.0.jar:/Users/maohao/.m2/repository/org/jboss/resteasy/resteasy-jettison-provider/2.3.5.Final/resteasy-jettison-provider-2.3.5.Final.jar:/Users/maohao/.m2/repository/org/jboss/resteasy/resteasy-jaxb-provider/2.3.5.Final/resteasy-jaxb-provider-2.3.5.Final.jar:/Users/maohao/.m2/repository/com/sun/xml/bind/jaxb-impl/2.2.4/jaxb-impl-2.2.4.jar:/Users/maohao/.m2/repository/javax/xml/bind/jaxb-api/2.2.3/jaxb-api-2.2.3.jar:/Users/maohao/.m2/repository/javax/xml/stream/stax-api/1.0-2/stax-api-1.0-2.jar:/Users/maohao/.m2/repository/org/codehaus/jettison/jettison/1.3.1/jettison-1.3.1.jar:/Users/maohao/.m2/repository/org/jboss/resteasy/resteasy-jackson-provider/2.3.5.Final/resteasy-jackson-provider-2.3.5.Final.jar:/Users/maohao/.m2/repository/org/codehaus/jackson/jackson-core-asl/1.9.9/jackson-core-asl-1.9.9.jar:/Users/maohao/.m2/repository/org/codehaus/jackson/jackson-mapper-asl/1.9.9/jackson-mapper-asl-1.9.9.jar:/Users/maohao/.m2/repository/org/codehaus/jackson/jackson-jaxrs/1.9.5/jackson-jaxrs-1.9.5.jar:/Users/maohao/.m2/repository/org/codehaus/jackson/jackson-xc/1.9.9/jackson-xc-1.9.9.jar:/Users/maohao/.m2/repository/cglib/cglib/2.2.2/cglib-2.2.2.jar:/Users/maohao/.m2/repository/asm/asm/3.3.1/asm-3.3.1.jar:/Users/maohao/.m2/repository/mysql/mysql-connector-java/5.1.18/mysql-connector-java-5.1.18.jar:/Users/maohao/.m2/repository/javax/servlet/servlet-api/2.5/servlet-api-2.5.jar:/Users/maohao/.m2/repository/org/codehaus/jackson/jackson-smile/1.9.5/jackson-smile-1.9.5.jar:/Users/maohao/.m2/repository/org/codehaus/jackson/jackson-mrbean/1.9.5/jackson-mrbean-1.9.5.jar:/Users/maohao/.m2/repository/com/google/collections/google-collections/1.0-rc5/google-collections-1.0-rc5.jar:/Users/maohao/.m2/repository/junit/junit/4.10/junit-4.10.jar:/Users/maohao/.m2/repository/org/hamcrest/hamcrest-core/1.1/hamcrest-core-1.1.jar:/Users/maohao/.m2/repository/org/ow2/easybeans/quartz/1.6.0/quartz-1.6.0.jar:/Users/maohao/.m2/repository/org/apache/activemq/activemq-core/5.5.1/activemq-core-5.5.1.jar:/Users/maohao/.m2/repository/org/apache/geronimo/specs/geronimo-jms_1.1_spec/1.1.1/geronimo-jms_1.1_spec-1.1.1.jar:/Users/maohao/.m2/repository/org/apache/activemq/activeio-core/3.1.2/activeio-core-3.1.2.jar:/Users/maohao/.m2/repository/org/apache/geronimo/specs/geronimo-j2ee-management_1.1_spec/1.0.1/geronimo-j2ee-management_1.1_spec-1.0.1.jar:/Users/maohao/.m2/repository/org/apache/activemq/kahadb/5.5.1/kahadb-5.5.1.jar:/Users/maohao/.m2/repository/org/apache/activemq/protobuf/activemq-protobuf/1.1/activemq-protobuf-1.1.jar:/Users/maohao/.m2/repository/org/osgi/org.osgi.core/4.1.0/org.osgi.core-4.1.0.jar:/Users/maohao/.m2/repository/commons-net/commons-net/2.0/commons-net-2.0.jar:/Users/maohao/.m2/repository/org/jasypt/jasypt/1.7/jasypt-1.7.jar:/Users/maohao/.m2/repository/org/apache/activemq/activemq-pool/5.5.1/activemq-pool-5.5.1.jar:/Users/maohao/.m2/repository/org/apache/geronimo/specs/geronimo-jta_1.0.1B_spec/1.0.1/geronimo-jta_1.0.1B_spec-1.0.1.jar:/Users/maohao/.m2/repository/commons-pool/commons-pool/1.5.4/commons-pool-1.5.4.jar:/Users/maohao/.m2/repository/org/apache/activemq/activemq-spring/5.5.1/activemq-spring-5.5.1.jar:/Users/maohao/.m2/repository/org/springframework/osgi/spring-osgi-core/1.2.1/spring-osgi-core-1.2.1.jar:/Users/maohao/.m2/repository/org/springframework/osgi/spring-osgi-io/1.2.1/spring-osgi-io-1.2.1.jar:/Users/maohao/.m2/repository/org/springframework/spring-jms/3.0.5.RELEASE/spring-jms-3.0.5.RELEASE.jar:/Users/maohao/.m2/repository/org/apache/struts/struts2-core/2.3.15.1/struts2-core-2.3.15.1.jar:/Users/maohao/.m2/repository/org/apache/struts/xwork/xwork-core/2.3.15.1/xwork-core-2.3.15.1.jar:/Users/maohao/.m2/repository/org/apache/commons/commons-lang3/3.1/commons-lang3-3.1.jar:/Users/maohao/.m2/repository/ognl/ognl/3.0.6/ognl-3.0.6.jar:/Users/maohao/.m2/repository/asm/asm-commons/3.3/asm-commons-3.3.jar:/Users/maohao/.m2/repository/asm/asm-tree/3.3/asm-tree-3.3.jar:/Users/maohao/.m2/repository/org/freemarker/freemarker/2.3.19/freemarker-2.3.19.jar:/Users/maohao/.m2/repository/commons-fileupload/commons-fileupload/1.3/commons-fileupload-1.3.jar:/Users/maohao/.m2/repository/org/apache/struts/struts2-convention-plugin/2.3.15.1/struts2-convention-plugin-2.3.15.1.jar:/Users/maohao/.m2/repository/org/apache/struts/struts2-spring-plugin/2.3.15.1/struts2-spring-plugin-2.3.15.1.jar:/Users/maohao/.m2/repository/org/springframework/spring-webmvc/3.0.4.RELEASE/spring-webmvc-3.0.4.RELEASE.jar:/Users/maohao/.m2/repository/org/apache/struts/struts2-json-plugin/2.3.15.1/struts2-json-plugin-2.3.15.1.jar:/Users/maohao/.m2/repository/javax/servlet/jstl/1.2/jstl-1.2.jar:/Users/maohao/.m2/repository/taglibs/standard/1.1.2/standard-1.1.2.jar:"/>
    <property name="java.vm.specification.version" value="1.0"/>
    <property name="sun.arch.data.model" value="64"/>
    <property name="java.home" value="/System/Library/Java/JavaVirtualMachines/1.6.0.jdk/Contents/Home"/>
    <property name="sun.java.command" value="/var/folders/33/90fzy1gj3cq9vmcz9mfrm8j00000gn/T/surefirebooter2761356540495673703.jar /var/folders/33/90fzy1gj3cq9vmcz9mfrm8j00000gn/T/surefire4015921505492117158tmp /var/folders/33/90fzy1gj3cq9vmcz9mfrm8j00000gn/T/surefire3764349929908297963tmp"/>
    <property name="java.specification.vendor" value="Sun Microsystems Inc."/>
    <property name="user.language" value="zh"/>
    <property name="awt.toolkit" value="apple.awt.CToolkit"/>
    <property name="java.vm.info" value="mixed mode"/>
    <property name="java.version" value="1.6.0_65"/>
    <property name="java.ext.dirs" value="/Users/maohao/Library/Java/Extensions:/Library/Java/Extensions:/System/Library/Java/Extensions:/System/Library/Java/JavaVirtualMachines/1.6.0.jdk/Contents/Home/lib/ext"/>
    <property name="sun.boot.class.path" value="/System/Library/Java/JavaVirtualMachines/1.6.0.jdk/Contents/Classes/jsfd.jar:/System/Library/Java/JavaVirtualMachines/1.6.0.jdk/Contents/Classes/classes.jar:/System/Library/Frameworks/JavaVM.framework/Frameworks/JavaRuntimeSupport.framework/Resources/Java/JavaRuntimeSupport.jar:/System/Library/Java/JavaVirtualMachines/1.6.0.jdk/Contents/Classes/ui.jar:/System/Library/Java/JavaVirtualMachines/1.6.0.jdk/Contents/Classes/laf.jar:/System/Library/Java/JavaVirtualMachines/1.6.0.jdk/Contents/Classes/sunrsasign.jar:/System/Library/Java/JavaVirtualMachines/1.6.0.jdk/Contents/Classes/jsse.jar:/System/Library/Java/JavaVirtualMachines/1.6.0.jdk/Contents/Classes/jce.jar:/System/Library/Java/JavaVirtualMachines/1.6.0.jdk/Contents/Classes/charsets.jar"/>
    <property name="java.vendor" value="Apple Inc."/>
    <property name="localRepository" value="/Users/maohao/.m2/repository"/>
    <property name="file.separator" value="/"/>
    <property name="java.vendor.url.bug" value="http://bugreport.apple.com/"/>
    <property name="sun.cpu.endian" value="little"/>
    <property name="sun.io.unicode.encoding" value="UnicodeLittle"/>
    <property name="mrj.version" value="1070.1.6.0_65-462"/>
    <property name="sun.cpu.isalist" value=""/>
  </properties>
  <testcase time="0.17" classname="com.bbq.db.project.dao.test.UserDaoTest" name="getUserById"/>
  <testcase time="0.166" classname="com.bbq.db.project.dao.test.UserDaoTest" name="getUserByUserNameAndPassword"/>
  <testcase time="0.168" classname="com.bbq.db.project.dao.test.UserDaoTest" name="insertUser"/>
  <testcase time="0.173" classname="com.bbq.db.project.dao.test.UserDaoTest" name="selectAllUser"/>
  <testcase time="0.175" classname="com.bbq.db.project.dao.test.UserDaoTest" name="updateUser"/>
</testsuite>