<?xml version="1.0" encoding="UTF-8" ?>
<testsuite tests="5" failures="0" name="com.bbq.db.project.dao.test.AdminInfoDaoTest" time="0.547" errors="0" skipped="0">
  <properties>
    <property name="java.runtime.name" value="Java(TM) SE Runtime Environment"/>
    <property name="sun.boot.library.path" value="E:\java\jdk1.8.0_20\bin"/>
    <property name="java.vm.version" value="25.20-b23"/>
    <property name="java.vm.vendor" value="Oracle Corporation"/>
    <property name="java.vendor.url" value="http://java.oracle.com/"/>
    <property name="path.separator" value=";"/>
    <property name="guice.disable.misplaced.annotation.check" value="true"/>
    <property name="java.vm.name" value="Java HotSpot(TM) Client VM"/>
    <property name="file.encoding.pkg" value="sun.io"/>
    <property name="user.script" value=""/>
    <property name="user.country" value="CN"/>
    <property name="sun.java.launcher" value="SUN_STANDARD"/>
    <property name="sun.os.patch.level" value=""/>
    <property name="java.vm.specification.name" value="Java Virtual Machine Specification"/>
    <property name="user.dir" value="C:\Users\Stella\Documents\GitHub\CS5200FinalProject\bbq-db-project"/>
    <property name="java.runtime.version" value="1.8.0_20-b26"/>
    <property name="java.awt.graphicsenv" value="sun.awt.Win32GraphicsEnvironment"/>
    <property name="java.endorsed.dirs" value="E:\java\jdk1.8.0_20\lib\endorsed"/>
    <property name="os.arch" value="x86"/>
    <property name="java.io.tmpdir" value="C:\Users\Stella\AppData\Local\Temp\"/>
    <property name="line.separator" value="
"/>
    <property name="java.vm.specification.vendor" value="Oracle Corporation"/>
    <property name="user.variant" value=""/>
    <property name="os.name" value="Windows 8.1"/>
    <property name="classworlds.conf" value="E:\Eclipse Workspace\.metadata\.plugins\org.eclipse.m2e.launching\launches\m2conf312120402891624737.tmp"/>
    <property name="sun.jnu.encoding" value="GBK"/>
    <property name="java.library.path" value="E:\java\jdk1.8.0_20\bin;C:\Windows\Sun\Java\bin;C:\Windows\system32;C:\Windows;E:/java/jdk1.8.0_20/bin/client;E:/java/jdk1.8.0_20/bin;E:/java/jdk1.8.0_20/lib/i386;C:\Windows\system32;C:\Windows;C:\Windows\System32\Wbem;C:\Windows\System32\WindowsPowerShell\v1.0\;E:\java\jdk1.8.0_20\bin;E:\java\jdk1.8.0_20l\jre\bin;;E:\eclipse-jee-luna-SR1-win32\eclipse;;."/>
    <property name="java.specification.name" value="Java Platform API Specification"/>
    <property name="java.class.version" value="52.0"/>
    <property name="sun.management.compiler" value="HotSpot Client Compiler"/>
    <property name="os.version" value="6.3"/>
    <property name="user.home" value="C:\Users\Stella"/>
    <property name="user.timezone" value="America/Los_Angeles"/>
    <property name="java.awt.printerjob" value="sun.awt.windows.WPrinterJob"/>
    <property name="java.specification.version" value="1.8"/>
    <property name="file.encoding" value="GBK"/>
    <property name="user.name" value="Stella"/>
    <property name="java.class.path" value="/E:/eclipse-jee-luna-SR1-win32/eclipse/plugins/org.eclipse.m2e.maven.runtime_1.5.0.20140605-2032/jars/plexus-classworlds-2.5.1.jar"/>
    <property name="org.slf4j.simpleLogger.defaultLogLevel" value="info"/>
    <property name="java.vm.specification.version" value="1.8"/>
    <property name="sun.arch.data.model" value="32"/>
    <property name="java.home" value="E:\java\jdk1.8.0_20"/>
    <property name="sun.java.command" value="org.codehaus.plexus.classworlds.launcher.Launcher -B install"/>
    <property name="java.specification.vendor" value="Oracle Corporation"/>
    <property name="user.language" value="zh"/>
    <property name="awt.toolkit" value="sun.awt.windows.WToolkit"/>
    <property name="java.vm.info" value="mixed mode"/>
    <property name="java.version" value="1.8.0_20"/>
    <property name="java.ext.dirs" value="E:\java\jdk1.8.0_20\lib\ext;C:\Windows\Sun\Java\lib\ext"/>
    <property name="sun.boot.class.path" value="E:\java\jdk1.8.0_20\lib\resources.jar;E:\java\jdk1.8.0_20\lib\rt.jar;E:\java\jdk1.8.0_20\lib\sunrsasign.jar;E:\java\jdk1.8.0_20\lib\jsse.jar;E:\java\jdk1.8.0_20\lib\jce.jar;E:\java\jdk1.8.0_20\lib\charsets.jar;E:\java\jdk1.8.0_20\lib\jfr.jar;E:\java\jdk1.8.0_20\classes"/>
    <property name="java.vendor" value="Oracle Corporation"/>
    <property name="maven.home" value="C:\Users\Stella\Documents\GitHub\CS5200FinalProject\bbq-db-project\EMBEDDED"/>
    <property name="file.separator" value="\"/>
    <property name="java.vendor.url.bug" value="http://bugreport.sun.com/bugreport/"/>
    <property name="sun.cpu.endian" value="little"/>
    <property name="sun.io.unicode.encoding" value="UnicodeLittle"/>
    <property name="sun.desktop" value="windows"/>
    <property name="sun.cpu.isalist" value="pentium_pro+mmx pentium_pro pentium+mmx pentium i486 i386 i86"/>
  </properties>
  <testcase classname="com.bbq.db.project.dao.test.AdminInfoDaoTest" name="selectAllAdmin" time="0.196"/>
  <testcase classname="com.bbq.db.project.dao.test.AdminInfoDaoTest" name="insertAdmin" time="0.001"/>
  <testcase classname="com.bbq.db.project.dao.test.AdminInfoDaoTest" name="getByAdminName" time="0.16"/>
  <testcase classname="com.bbq.db.project.dao.test.AdminInfoDaoTest" name="updateByAdminName" time="0.19"/>
  <testcase classname="com.bbq.db.project.dao.test.AdminInfoDaoTest" name="deleteByAdminName" time="0"/>
</testsuite>